<widgets>
    <!--<widget>-->
        <!--<name>test-widget-1-inst-487</name>-->
        <!--<contextItemName>testa</contextItemName>-->
        <!--<extendedItemName>test-widget-1</extendedItemName>-->
        <!--<parentItemName>CXPColumnsContainer_6e1c9cac-650e-4ef0-85ad-8d791ef4b39d-1181174</parentItemName>-->
        <!--<properties>-->
            <!--<property name="area">-->
                <!--<value type="string">0</value>-->
            <!--</property>-->
            <!--<property name="order">-->
                <!--<value type="double">1.0</value>-->
            <!--</property>-->
        <!--</properties>-->
    <!--</widget>-->
</widgets>
