<widgets>
    <widget>
        <name>test-widget-1-inst-487</name>
        <contextItemName>testa</contextItemName>
        <extendedItemName>test-widget-1</extendedItemName>
        <parentItemName>default_page</parentItemName>
        <properties>
            <property name="area">
                <value type="string">0</value>
            </property>
            <property name="order">
                <value type="double">1.0</value>
            </property>
            <property name="templateUrl">
                <value type="string">$(contextRoot)/static/abn.com.2013.cm2/html/mustache/stockDetailSmall.html</value>
            </property>
            <property name="extendedItem">
                <value type="string">Form-StockTrend-Widget-instance1</value>
            </property>
            <property name="contentActive">
                <value type="string">true</value>
            </property>
            <property name="inheritFromParent">
                <value type="boolean">false</value>
            </property>
        </properties>
    </widget>
</widgets>